[debug] [2022-04-11T07:50:34.334Z] ----------------------------------------------------------------------
[debug] [2022-04-11T07:50:34.337Z] Command:       C:\Program Files\nodejs\node.exe C:\Users\GAIKAR\AppData\Roaming\npm\node_modules\firebase-tools\lib\bin\firebase.js init
[debug] [2022-04-11T07:50:34.338Z] CLI Version:   10.6.0
[debug] [2022-04-11T07:50:34.338Z] Platform:      win32
[debug] [2022-04-11T07:50:34.338Z] Node Version:  v17.6.0
[debug] [2022-04-11T07:50:34.340Z] Time:          Mon Apr 11 2022 13:20:34 GMT+0530 (India Standard Time)
[debug] [2022-04-11T07:50:34.340Z] ----------------------------------------------------------------------
[debug] 
[debug] [2022-04-11T07:50:34.353Z] > command requires scopes: ["email","openid","https://www.googleapis.com/auth/cloudplatformprojects.readonly","https://www.googleapis.com/auth/firebase","https://www.googleapis.com/auth/cloud-platform"]
[debug] [2022-04-11T07:50:34.354Z] > authorizing via signed-in user (abhishekgaikar2001@gmail.com)
[info] 
     ######## #### ########  ######## ########     ###     ######  ########
     ##        ##  ##     ## ##       ##     ##  ##   ##  ##       ##
     ######    ##  ########  ######   ########  #########  ######  ######
     ##        ##  ##    ##  ##       ##     ## ##     ##       ## ##
     ##       #### ##     ## ######## ########  ##     ##  ######  ########

You're about to initialize a Firebase project in this directory:

  C:\Users\GAIKAR\Downloads\portfolio

[info] 
=== Project Setup
[info] 
[info] First, let's associate this project directory with a Firebase project.
[info] You can create multiple project aliases by running firebase use --add, 
[info] but for now we'll just set up a default project.
[info] 
[debug] [2022-04-11T07:50:46.196Z] >>> [apiv2][query] GET https://firebase.googleapis.com/v1beta1/projects pageSize=100
[debug] [2022-04-11T07:50:47.088Z] <<< [apiv2][status] GET https://firebase.googleapis.com/v1beta1/projects 200
[debug] [2022-04-11T07:50:47.088Z] <<< [apiv2][body] GET https://firebase.googleapis.com/v1beta1/projects [omitted]
[info] i  Using project caramel-era-345404 (My First Project) 
[info] 
=== Hosting Setup
[info] 
[info] Your public directory is the folder (relative to your project directory) that
[info] will contain Hosting assets to be uploaded with firebase deploy. If you
[info] have a build process for your assets, use your build's output directory.
[info] 
[debug] [2022-04-11T07:50:57.815Z] >>> [apiv2][query] GET https://www.gstatic.com/firebasejs/releases.json [none]
[debug] [2022-04-11T07:50:57.934Z] <<< [apiv2][status] GET https://www.gstatic.com/firebasejs/releases.json 200
[debug] [2022-04-11T07:50:57.934Z] <<< [apiv2][body] GET https://www.gstatic.com/firebasejs/releases.json {"current":{"version":"9.6.10","browserURL":"https://www.gstatic.com/firebasejs/9.6.10/firebase.js","packageURL":"https://www.gstatic.com/firebasejs/9.6.10/firebase.tgz"},"live":{"version":"9.6","browserURL":"https://www.gstatic.com/firebasejs/live/9.6/firebase.js","packageURL":"https://www.gstatic.com/firebasejs/live/9.6/firebase.tgz"},"components":{"analytics":"https://www.gstatic.com/firebasejs/9.6.10/firebase-analytics.js","app":"https://www.gstatic.com/firebasejs/9.6.10/firebase-app.js","app-check":"https://www.gstatic.com/firebasejs/9.6.10/firebase-app-check.js","auth":"https://www.gstatic.com/firebasejs/9.6.10/firebase-auth.js","auth/cordova":"https://www.gstatic.com/firebasejs/9.6.10/firebase-auth/cordova.js","auth/react-native":"https://www.gstatic.com/firebasejs/9.6.10/firebase-auth/react-native.js","functions":"https://www.gstatic.com/firebasejs/9.6.10/firebase-functions.js","firestore":"https://www.gstatic.com/firebasejs/9.6.10/firebase-firestore.js","firestore/lite":"https://www.gstatic.com/firebasejs/9.6.10/firebase-firestore/lite.js","storage":"https://www.gstatic.com/firebasejs/9.6.10/firebase-storage.js","performance":"https://www.gstatic.com/firebasejs/9.6.10/firebase-performance.js","remote-config":"https://www.gstatic.com/firebasejs/9.6.10/firebase-remote-config.js","messaging":"https://www.gstatic.com/firebasejs/9.6.10/firebase-messaging.js","messaging/sw":"https://www.gstatic.com/firebasejs/9.6.10/firebase-messaging/sw.js","database":"https://www.gstatic.com/firebasejs/9.6.10/firebase-database.js","firestore.memory":"https://www.gstatic.com/firebasejs/9.6.10/firebase-firestore.memory.js"}}
[info] +  Wrote public/index.html 
[info] 
[info] i  Didn't detect a .git folder. Assuming C:\Users\GAIKAR\Downloads\portfolio is the project root. 
[info] i  Authorizing with GitHub to upload your service account to a GitHub repository's secrets store. 
[info] 
[info] Visit this URL on this device to log in:
[info] https://github.com/login/oauth/authorize?client_id=89cf50f02ac6aaed3484&state=659609704&redirect_uri=http%3A%2F%2Flocalhost%3A9005&scope=read%3Auser%20repo%20public_repo
[info] 
[info] Waiting for authentication...
[debug] [2022-04-11T07:51:09.515Z] >>> HTTP REQUEST POST https://github.com/login/oauth/access_token  
 {"client_id":"89cf50f02ac6aaed3484","client_secret":"3330d14abc895d9a74d5f17cd7a00711fa2c5bf0","code":"a8f20de8ddf8b79794e4","redirect_uri":"http://localhost:9005","state":"659609704"}
[debug] [2022-04-11T07:51:09.902Z] <<< HTTP RESPONSE 200 {"server":"GitHub.com","date":"Mon, 11 Apr 2022 07:51:09 GMT","content-type":"application/json; charset=utf-8","transfer-encoding":"chunked","vary":"X-PJAX, X-PJAX-Container, Accept-Encoding, Accept, X-Requested-With","permissions-policy":"interest-cohort=()","etag":"W/\"c0ce13515ddb04b8bd805472e60139b9\"","cache-control":"max-age=0, private, must-revalidate","strict-transport-security":"max-age=31536000; includeSubdomains; preload","x-frame-options":"deny","x-content-type-options":"nosniff","x-xss-protection":"0","referrer-policy":"origin-when-cross-origin, strict-origin-when-cross-origin","expect-ct":"max-age=2592000, report-uri=\"https://api.github.com/_private/browser/errors\"","content-security-policy":"default-src 'none'; base-uri 'self'; block-all-mixed-content; child-src github.com/assets-cdn/worker/ gist.github.com/assets-cdn/worker/; connect-src 'self' uploads.github.com objects-origin.githubusercontent.com www.githubstatus.com collector.github.com raw.githubusercontent.com api.github.com github-cloud.s3.amazonaws.com github-production-repository-file-5c1aeb.s3.amazonaws.com github-production-upload-manifest-file-7fdce7.s3.amazonaws.com github-production-user-asset-6210df.s3.amazonaws.com cdn.optimizely.com logx.optimizely.com/v1/events translator.github.com *.actions.githubusercontent.com wss://*.actions.githubusercontent.com online.visualstudio.com/api/v1/locations github-production-repository-image-32fea6.s3.amazonaws.com github-production-release-asset-2e65be.s3.amazonaws.com insights.github.com wss://alive.github.com; font-src github.githubassets.com; form-action 'self' github.com gist.github.com objects-origin.githubusercontent.com; frame-ancestors 'none'; frame-src render.githubusercontent.com viewscreen.githubusercontent.com notebooks.githubusercontent.com; img-src 'self' data: github.githubassets.com identicons.github.com github-cloud.s3.amazonaws.com secured-user-images.githubusercontent.com/ *.githubusercontent.com; manifest-src 'self'; media-src github.com user-images.githubusercontent.com/; script-src github.githubassets.com; style-src 'unsafe-inline' github.githubassets.com; worker-src github.com/assets-cdn/worker/ gist.github.com/assets-cdn/worker/","x-github-request-id":"D372:2A5D:18DA54:1B44D6:6253DDED"}
[debug] [2022-04-11T07:51:09.950Z] >>> [apiv2][query] GET https://api.github.com/user [none]
[debug] [2022-04-11T07:51:10.364Z] <<< [apiv2][status] GET https://api.github.com/user 200
[debug] [2022-04-11T07:51:10.364Z] <<< [apiv2][body] GET https://api.github.com/user {"login":"Abhishek-g-bot","id":77671279,"node_id":"MDQ6VXNlcjc3NjcxMjc5","avatar_url":"https://avatars.githubusercontent.com/u/77671279?v=4","gravatar_id":"","url":"https://api.github.com/users/Abhishek-g-bot","html_url":"https://github.com/Abhishek-g-bot","followers_url":"https://api.github.com/users/Abhishek-g-bot/followers","following_url":"https://api.github.com/users/Abhishek-g-bot/following{/other_user}","gists_url":"https://api.github.com/users/Abhishek-g-bot/gists{/gist_id}","starred_url":"https://api.github.com/users/Abhishek-g-bot/starred{/owner}{/repo}","subscriptions_url":"https://api.github.com/users/Abhishek-g-bot/subscriptions","organizations_url":"https://api.github.com/users/Abhishek-g-bot/orgs","repos_url":"https://api.github.com/users/Abhishek-g-bot/repos","events_url":"https://api.github.com/users/Abhishek-g-bot/events{/privacy}","received_events_url":"https://api.github.com/users/Abhishek-g-bot/received_events","type":"User","site_admin":false,"name":null,"company":null,"blog":"","location":null,"email":null,"hireable":null,"bio":null,"twitter_username":null,"public_repos":1,"public_gists":0,"followers":0,"following":0,"created_at":"2021-01-19T10:59:50Z","updated_at":"2022-04-11T07:51:05Z","private_gists":0,"total_private_repos":0,"owned_private_repos":0,"disk_usage":127,"collaborators":0,"two_factor_authentication":false,"plan":{"name":"free","space":976562499,"collaborators":0,"private_repos":10000}}
[info] 
[info] +  Success! Logged into GitHub as Abhishek-g-bot 
[info] 
[debug] [2022-04-11T07:51:19.642Z] >>> [apiv2][query] GET https://api.github.com/repos//actions/secrets/public-key type=owner
[debug] [2022-04-11T07:51:19.932Z] <<< [apiv2][status] GET https://api.github.com/repos//actions/secrets/public-key 404
[debug] [2022-04-11T07:51:19.932Z] <<< [apiv2][body] GET https://api.github.com/repos//actions/secrets/public-key {"message":"Not Found","documentation_url":"https://docs.github.com/rest"}
[debug] [2022-04-11T07:51:59.481Z] >>> [apiv2][query] GET https://api.github.com/repos/portfolio/actions/secrets/public-key type=owner
[debug] [2022-04-11T07:51:59.769Z] <<< [apiv2][status] GET https://api.github.com/repos/portfolio/actions/secrets/public-key 404
[debug] [2022-04-11T07:51:59.769Z] <<< [apiv2][body] GET https://api.github.com/repos/portfolio/actions/secrets/public-key {"message":"Not Found","documentation_url":"https://docs.github.com/rest"}
[debug] [2022-04-11T07:52:08.250Z] >>> [apiv2][query] GET https://api.github.com/repos/portfolio/actions/secrets/public-key type=owner
[debug] [2022-04-11T07:52:08.534Z] <<< [apiv2][status] GET https://api.github.com/repos/portfolio/actions/secrets/public-key 404
[debug] [2022-04-11T07:52:08.534Z] <<< [apiv2][body] GET https://api.github.com/repos/portfolio/actions/secrets/public-key {"message":"Not Found","documentation_url":"https://docs.github.com/rest"}
[debug] [2022-04-11T07:55:54.264Z] >>> [apiv2][query] GET https://api.github.com/repos/abhishek/portfolio/actions/secrets/public-key type=owner
[debug] [2022-04-11T07:55:54.601Z] <<< [apiv2][status] GET https://api.github.com/repos/abhishek/portfolio/actions/secrets/public-key 404
[debug] [2022-04-11T07:55:54.602Z] <<< [apiv2][body] GET https://api.github.com/repos/abhishek/portfolio/actions/secrets/public-key {"message":"Not Found","documentation_url":"https://docs.github.com/rest/reference/actions#get-a-repository-public-key"}
[debug] [2022-04-11T07:55:55.835Z] >>> [apiv2][query] GET https://api.github.com/repos/abhishek/portfolio/actions/secrets/public-key type=owner
[debug] [2022-04-11T07:55:56.130Z] <<< [apiv2][status] GET https://api.github.com/repos/abhishek/portfolio/actions/secrets/public-key 404
[debug] [2022-04-11T07:55:56.131Z] <<< [apiv2][body] GET https://api.github.com/repos/abhishek/portfolio/actions/secrets/public-key {"message":"Not Found","documentation_url":"https://docs.github.com/rest/reference/actions#get-a-repository-public-key"}
[debug] [2022-04-11T07:59:11.653Z] >>> [apiv2][query] GET https://api.github.com/repos/abhishek/actions/secrets/public-key type=owner
[debug] [2022-04-11T07:59:11.988Z] <<< [apiv2][status] GET https://api.github.com/repos/abhishek/actions/secrets/public-key 404
[debug] [2022-04-11T07:59:11.988Z] <<< [apiv2][body] GET https://api.github.com/repos/abhishek/actions/secrets/public-key {"message":"Not Found","documentation_url":"https://docs.github.com/rest"}
[debug] [2022-04-11T07:59:13.789Z] >>> [apiv2][query] GET https://api.github.com/repos/abhishek/actions/secrets/public-key type=owner
[debug] [2022-04-11T07:59:13.969Z] >>> [apiv2][query] GET https://api.github.com/repos//actions/secrets/public-key type=owner
[debug] [2022-04-11T07:59:14.078Z] <<< [apiv2][status] GET https://api.github.com/repos/abhishek/actions/secrets/public-key 404
[debug] [2022-04-11T07:59:14.079Z] <<< [apiv2][body] GET https://api.github.com/repos/abhishek/actions/secrets/public-key {"message":"Not Found","documentation_url":"https://docs.github.com/rest"}
[debug] [2022-04-11T07:59:14.258Z] <<< [apiv2][status] GET https://api.github.com/repos//actions/secrets/public-key 404
[debug] [2022-04-11T07:59:14.258Z] <<< [apiv2][body] GET https://api.github.com/repos//actions/secrets/public-key {"message":"Not Found","documentation_url":"https://docs.github.com/rest"}
[debug] [2022-04-11T07:59:14.737Z] >>> [apiv2][query] GET https://api.github.com/repos/abhishek/actions/secrets/public-key type=owner
[debug] [2022-04-11T07:59:14.921Z] >>> [apiv2][query] GET https://api.github.com/repos//actions/secrets/public-key type=owner
[debug] [2022-04-11T07:59:15.017Z] <<< [apiv2][status] GET https://api.github.com/repos/abhishek/actions/secrets/public-key 404
[debug] [2022-04-11T07:59:15.018Z] <<< [apiv2][body] GET https://api.github.com/repos/abhishek/actions/secrets/public-key {"message":"Not Found","documentation_url":"https://docs.github.com/rest"}
[debug] [2022-04-11T07:59:15.104Z] >>> [apiv2][query] GET https://api.github.com/repos/abhishek/actions/secrets/public-key type=owner
[debug] [2022-04-11T07:59:15.196Z] <<< [apiv2][status] GET https://api.github.com/repos//actions/secrets/public-key 404
[debug] [2022-04-11T07:59:15.197Z] <<< [apiv2][body] GET https://api.github.com/repos//actions/secrets/public-key {"message":"Not Found","documentation_url":"https://docs.github.com/rest"}
[debug] [2022-04-11T07:59:15.381Z] <<< [apiv2][status] GET https://api.github.com/repos/abhishek/actions/secrets/public-key 404
[debug] [2022-04-11T07:59:15.382Z] <<< [apiv2][body] GET https://api.github.com/repos/abhishek/actions/secrets/public-key {"message":"Not Found","documentation_url":"https://docs.github.com/rest"}
[debug] [2022-04-11T07:59:35.404Z] >>> [apiv2][query] GET https://api.github.com/repos/Abhi-project/actions/secrets/public-key type=owner
[debug] [2022-04-11T07:59:35.689Z] <<< [apiv2][status] GET https://api.github.com/repos/Abhi-project/actions/secrets/public-key 404
[debug] [2022-04-11T07:59:35.689Z] <<< [apiv2][body] GET https://api.github.com/repos/Abhi-project/actions/secrets/public-key {"message":"Not Found","documentation_url":"https://docs.github.com/rest"}
[debug] [2022-04-11T07:59:36.280Z] >>> [apiv2][query] GET https://api.github.com/repos/Abhi-project/actions/secrets/public-key type=owner
[debug] [2022-04-11T07:59:36.442Z] >>> [apiv2][query] GET https://api.github.com/repos//actions/secrets/public-key type=owner
[debug] [2022-04-11T07:59:36.547Z] <<< [apiv2][status] GET https://api.github.com/repos/Abhi-project/actions/secrets/public-key 404
[debug] [2022-04-11T07:59:36.547Z] <<< [apiv2][body] GET https://api.github.com/repos/Abhi-project/actions/secrets/public-key {"message":"Not Found","documentation_url":"https://docs.github.com/rest"}
[debug] [2022-04-11T07:59:36.705Z] <<< [apiv2][status] GET https://api.github.com/repos//actions/secrets/public-key 404
[debug] [2022-04-11T07:59:36.706Z] <<< [apiv2][body] GET https://api.github.com/repos//actions/secrets/public-key {"message":"Not Found","documentation_url":"https://docs.github.com/rest"}
